-------------------------------------------------------------------------------
Test set: com.max.bookstore.model.StatusIntegrationTest
-------------------------------------------------------------------------------
Tests run: 9, Failures: 0, Errors: 8, Skipped: 0, Time elapsed: 0.078 sec <<< FAILURE!
testRemove(com.max.bookstore.model.StatusIntegrationTest)  Time elapsed: 0.031 sec  <<< ERROR!
java.lang.VerifyError: (class: com/max/bookstore/model/Status_Roo_JavaBean, method: <clinit> signature: ()V) Stack size too large
	at com.max.bookstore.model.StatusDataOnDemand_Roo_DataOnDemand.ajc$interMethod$com_max_bookstore_model_StatusDataOnDemand_Roo_DataOnDemand$com_max_bookstore_model_StatusDataOnDemand$setBorrowCard(StatusDataOnDemand_Roo_DataOnDemand.aj:35)
	at com.max.bookstore.model.StatusDataOnDemand.setBorrowCard(StatusDataOnDemand.java:1)
	at com.max.bookstore.model.StatusDataOnDemand_Roo_DataOnDemand.ajc$interMethodDispatch1$com_max_bookstore_model_StatusDataOnDemand_Roo_DataOnDemand$com_max_bookstore_model_StatusDataOnDemand$setBorrowCard(StatusDataOnDemand_Roo_DataOnDemand.aj)
	at com.max.bookstore.model.StatusDataOnDemand_Roo_DataOnDemand.ajc$interMethod$com_max_bookstore_model_StatusDataOnDemand_Roo_DataOnDemand$com_max_bookstore_model_StatusDataOnDemand$getNewTransientStatus(StatusDataOnDemand_Roo_DataOnDemand.aj:28)
	at com.max.bookstore.model.StatusDataOnDemand.getNewTransientStatus(StatusDataOnDemand.java:1)
	at com.max.bookstore.model.StatusDataOnDemand_Roo_DataOnDemand.ajc$interMethodDispatch1$com_max_bookstore_model_StatusDataOnDemand_Roo_DataOnDemand$com_max_bookstore_model_StatusDataOnDemand$getNewTransientStatus(StatusDataOnDemand_Roo_DataOnDemand.aj)
	at com.max.bookstore.model.StatusDataOnDemand_Roo_DataOnDemand.ajc$interMethod$com_max_bookstore_model_StatusDataOnDemand_Roo_DataOnDemand$com_max_bookstore_model_StatusDataOnDemand$init(StatusDataOnDemand_Roo_DataOnDemand.aj:70)
	at com.max.bookstore.model.StatusDataOnDemand.init(StatusDataOnDemand.java:1)
	at com.max.bookstore.model.StatusDataOnDemand_Roo_DataOnDemand.ajc$interMethodDispatch1$com_max_bookstore_model_StatusDataOnDemand_Roo_DataOnDemand$com_max_bookstore_model_StatusDataOnDemand$init(StatusDataOnDemand_Roo_DataOnDemand.aj)
	at com.max.bookstore.model.StatusDataOnDemand_Roo_DataOnDemand.ajc$interMethod$com_max_bookstore_model_StatusDataOnDemand_Roo_DataOnDemand$com_max_bookstore_model_StatusDataOnDemand$getRandomStatus(StatusDataOnDemand_Roo_DataOnDemand.aj:52)
	at com.max.bookstore.model.StatusDataOnDemand.getRandomStatus(StatusDataOnDemand.java:1)
	at com.max.bookstore.model.StatusDataOnDemand_Roo_DataOnDemand.ajc$interMethodDispatch1$com_max_bookstore_model_StatusDataOnDemand_Roo_DataOnDemand$com_max_bookstore_model_StatusDataOnDemand$getRandomStatus(StatusDataOnDemand_Roo_DataOnDemand.aj)
	at com.max.bookstore.model.StatusIntegrationTest_Roo_IntegrationTest.ajc$interMethod$com_max_bookstore_model_StatusIntegrationTest_Roo_IntegrationTest$com_max_bookstore_model_StatusIntegrationTest$testRemove(StatusIntegrationTest_Roo_IntegrationTest.aj:105)
	at com.max.bookstore.model.StatusIntegrationTest.testRemove(StatusIntegrationTest.java:1)
	at sun.reflect.NativeMethodAccessorImpl.invoke0(Native Method)
	at sun.reflect.NativeMethodAccessorImpl.invoke(NativeMethodAccessorImpl.java:57)
	at sun.reflect.DelegatingMethodAccessorImpl.invoke(DelegatingMethodAccessorImpl.java:43)
	at java.lang.reflect.Method.invoke(Method.java:601)
	at org.junit.runners.model.FrameworkMethod$1.runReflectiveCall(FrameworkMethod.java:44)
	at org.junit.internal.runners.model.ReflectiveCallable.run(ReflectiveCallable.java:15)
	at org.junit.runners.model.FrameworkMethod.invokeExplosively(FrameworkMethod.java:41)
	at org.junit.internal.runners.statements.InvokeMethod.evaluate(InvokeMethod.java:20)
	at org.springframework.test.context.junit4.statements.RunBeforeTestMethodCallbacks.evaluate(RunBeforeTestMethodCallbacks.java:74)
	at org.springframework.test.context.junit4.statements.RunAfterTestMethodCallbacks.evaluate(RunAfterTestMethodCallbacks.java:82)
	at org.springframework.test.context.junit4.statements.SpringRepeat.evaluate(SpringRepeat.java:72)
	at org.springframework.test.context.junit4.SpringJUnit4ClassRunner.runChild(SpringJUnit4ClassRunner.java:240)
	at org.junit.runners.BlockJUnit4ClassRunner.runChild(BlockJUnit4ClassRunner.java:49)
	at org.junit.runners.ParentRunner$3.run(ParentRunner.java:193)
	at org.junit.runners.ParentRunner$1.schedule(ParentRunner.java:52)
	at org.junit.runners.ParentRunner.runChildren(ParentRunner.java:191)
	at org.junit.runners.ParentRunner.access$000(ParentRunner.java:42)
	at org.junit.runners.ParentRunner$2.evaluate(ParentRunner.java:184)
	at org.springframework.test.context.junit4.statements.RunBeforeTestClassCallbacks.evaluate(RunBeforeTestClassCallbacks.java:61)
	at org.springframework.test.context.junit4.statements.RunAfterTestClassCallbacks.evaluate(RunAfterTestClassCallbacks.java:70)
	at org.junit.runners.ParentRunner.run(ParentRunner.java:236)
	at org.springframework.test.context.junit4.SpringJUnit4ClassRunner.run(SpringJUnit4ClassRunner.java:180)
	at org.apache.maven.surefire.junit4.JUnit4TestSet.execute(JUnit4TestSet.java:53)
	at org.apache.maven.surefire.junit4.JUnit4Provider.executeTestSet(JUnit4Provider.java:119)
	at org.apache.maven.surefire.junit4.JUnit4Provider.invoke(JUnit4Provider.java:101)
	at sun.reflect.NativeMethodAccessorImpl.invoke0(Native Method)
	at sun.reflect.NativeMethodAccessorImpl.invoke(NativeMethodAccessorImpl.java:57)
	at sun.reflect.DelegatingMethodAccessorImpl.invoke(DelegatingMethodAccessorImpl.java:43)
	at java.lang.reflect.Method.invoke(Method.java:601)
	at org.apache.maven.surefire.booter.ProviderFactory$ClassLoaderProxy.invoke(ProviderFactory.java:103)
	at $Proxy0.invoke(Unknown Source)
	at org.apache.maven.surefire.booter.SurefireStarter.invokeProvider(SurefireStarter.java:150)
	at org.apache.maven.surefire.booter.SurefireStarter.runSuitesInProcess(SurefireStarter.java:91)
	at org.apache.maven.surefire.booter.ForkedBooter.main(ForkedBooter.java:69)

testPersist(com.max.bookstore.model.StatusIntegrationTest)  Time elapsed: 0 sec  <<< ERROR!
java.lang.VerifyError: (class: com/max/bookstore/model/Status_Roo_JavaBean, method: <clinit> signature: ()V) Stack size too large
	at com.max.bookstore.model.StatusDataOnDemand_Roo_DataOnDemand.ajc$interMethod$com_max_bookstore_model_StatusDataOnDemand_Roo_DataOnDemand$com_max_bookstore_model_StatusDataOnDemand$setBorrowCard(StatusDataOnDemand_Roo_DataOnDemand.aj:35)
	at com.max.bookstore.model.StatusDataOnDemand.setBorrowCard(StatusDataOnDemand.java:1)
	at com.max.bookstore.model.StatusDataOnDemand_Roo_DataOnDemand.ajc$interMethodDispatch1$com_max_bookstore_model_StatusDataOnDemand_Roo_DataOnDemand$com_max_bookstore_model_StatusDataOnDemand$setBorrowCard(StatusDataOnDemand_Roo_DataOnDemand.aj)
	at com.max.bookstore.model.StatusDataOnDemand_Roo_DataOnDemand.ajc$interMethod$com_max_bookstore_model_StatusDataOnDemand_Roo_DataOnDemand$com_max_bookstore_model_StatusDataOnDemand$getNewTransientStatus(StatusDataOnDemand_Roo_DataOnDemand.aj:28)
	at com.max.bookstore.model.StatusDataOnDemand.getNewTransientStatus(StatusDataOnDemand.java:1)
	at com.max.bookstore.model.StatusDataOnDemand_Roo_DataOnDemand.ajc$interMethodDispatch1$com_max_bookstore_model_StatusDataOnDemand_Roo_DataOnDemand$com_max_bookstore_model_StatusDataOnDemand$getNewTransientStatus(StatusDataOnDemand_Roo_DataOnDemand.aj)
	at com.max.bookstore.model.StatusDataOnDemand_Roo_DataOnDemand.ajc$interMethod$com_max_bookstore_model_StatusDataOnDemand_Roo_DataOnDemand$com_max_bookstore_model_StatusDataOnDemand$init(StatusDataOnDemand_Roo_DataOnDemand.aj:70)
	at com.max.bookstore.model.StatusDataOnDemand.init(StatusDataOnDemand.java:1)
	at com.max.bookstore.model.StatusDataOnDemand_Roo_DataOnDemand.ajc$interMethodDispatch1$com_max_bookstore_model_StatusDataOnDemand_Roo_DataOnDemand$com_max_bookstore_model_StatusDataOnDemand$init(StatusDataOnDemand_Roo_DataOnDemand.aj)
	at com.max.bookstore.model.StatusDataOnDemand_Roo_DataOnDemand.ajc$interMethod$com_max_bookstore_model_StatusDataOnDemand_Roo_DataOnDemand$com_max_bookstore_model_StatusDataOnDemand$getRandomStatus(StatusDataOnDemand_Roo_DataOnDemand.aj:52)
	at com.max.bookstore.model.StatusDataOnDemand.getRandomStatus(StatusDataOnDemand.java:1)
	at com.max.bookstore.model.StatusDataOnDemand_Roo_DataOnDemand.ajc$interMethodDispatch1$com_max_bookstore_model_StatusDataOnDemand_Roo_DataOnDemand$com_max_bookstore_model_StatusDataOnDemand$getRandomStatus(StatusDataOnDemand_Roo_DataOnDemand.aj)
	at com.max.bookstore.model.StatusIntegrationTest_Roo_IntegrationTest.ajc$interMethod$com_max_bookstore_model_StatusIntegrationTest_Roo_IntegrationTest$com_max_bookstore_model_StatusIntegrationTest$testPersist(StatusIntegrationTest_Roo_IntegrationTest.aj:94)
	at com.max.bookstore.model.StatusIntegrationTest.testPersist(StatusIntegrationTest.java:1)
	at sun.reflect.NativeMethodAccessorImpl.invoke0(Native Method)
	at sun.reflect.NativeMethodAccessorImpl.invoke(NativeMethodAccessorImpl.java:57)
	at sun.reflect.DelegatingMethodAccessorImpl.invoke(DelegatingMethodAccessorImpl.java:43)
	at java.lang.reflect.Method.invoke(Method.java:601)
	at org.junit.runners.model.FrameworkMethod$1.runReflectiveCall(FrameworkMethod.java:44)
	at org.junit.internal.runners.model.ReflectiveCallable.run(ReflectiveCallable.java:15)
	at org.junit.runners.model.FrameworkMethod.invokeExplosively(FrameworkMethod.java:41)
	at org.junit.internal.runners.statements.InvokeMethod.evaluate(InvokeMethod.java:20)
	at org.springframework.test.context.junit4.statements.RunBeforeTestMethodCallbacks.evaluate(RunBeforeTestMethodCallbacks.java:74)
	at org.springframework.test.context.junit4.statements.RunAfterTestMethodCallbacks.evaluate(RunAfterTestMethodCallbacks.java:82)
	at org.springframework.test.context.junit4.statements.SpringRepeat.evaluate(SpringRepeat.java:72)
	at org.springframework.test.context.junit4.SpringJUnit4ClassRunner.runChild(SpringJUnit4ClassRunner.java:240)
	at org.junit.runners.BlockJUnit4ClassRunner.runChild(BlockJUnit4ClassRunner.java:49)
	at org.junit.runners.ParentRunner$3.run(ParentRunner.java:193)
	at org.junit.runners.ParentRunner$1.schedule(ParentRunner.java:52)
	at org.junit.runners.ParentRunner.runChildren(ParentRunner.java:191)
	at org.junit.runners.ParentRunner.access$000(ParentRunner.java:42)
	at org.junit.runners.ParentRunner$2.evaluate(ParentRunner.java:184)
	at org.springframework.test.context.junit4.statements.RunBeforeTestClassCallbacks.evaluate(RunBeforeTestClassCallbacks.java:61)
	at org.springframework.test.context.junit4.statements.RunAfterTestClassCallbacks.evaluate(RunAfterTestClassCallbacks.java:70)
	at org.junit.runners.ParentRunner.run(ParentRunner.java:236)
	at org.springframework.test.context.junit4.SpringJUnit4ClassRunner.run(SpringJUnit4ClassRunner.java:180)
	at org.apache.maven.surefire.junit4.JUnit4TestSet.execute(JUnit4TestSet.java:53)
	at org.apache.maven.surefire.junit4.JUnit4Provider.executeTestSet(JUnit4Provider.java:119)
	at org.apache.maven.surefire.junit4.JUnit4Provider.invoke(JUnit4Provider.java:101)
	at sun.reflect.NativeMethodAccessorImpl.invoke0(Native Method)
	at sun.reflect.NativeMethodAccessorImpl.invoke(NativeMethodAccessorImpl.java:57)
	at sun.reflect.DelegatingMethodAccessorImpl.invoke(DelegatingMethodAccessorImpl.java:43)
	at java.lang.reflect.Method.invoke(Method.java:601)
	at org.apache.maven.surefire.booter.ProviderFactory$ClassLoaderProxy.invoke(ProviderFactory.java:103)
	at $Proxy0.invoke(Unknown Source)
	at org.apache.maven.surefire.booter.SurefireStarter.invokeProvider(SurefireStarter.java:150)
	at org.apache.maven.surefire.booter.SurefireStarter.runSuitesInProcess(SurefireStarter.java:91)
	at org.apache.maven.surefire.booter.ForkedBooter.main(ForkedBooter.java:69)

testMerge(com.max.bookstore.model.StatusIntegrationTest)  Time elapsed: 0 sec  <<< ERROR!
java.lang.VerifyError: (class: com/max/bookstore/model/Status_Roo_JavaBean, method: <clinit> signature: ()V) Stack size too large
	at com.max.bookstore.model.StatusDataOnDemand_Roo_DataOnDemand.ajc$interMethod$com_max_bookstore_model_StatusDataOnDemand_Roo_DataOnDemand$com_max_bookstore_model_StatusDataOnDemand$setBorrowCard(StatusDataOnDemand_Roo_DataOnDemand.aj:35)
	at com.max.bookstore.model.StatusDataOnDemand.setBorrowCard(StatusDataOnDemand.java:1)
	at com.max.bookstore.model.StatusDataOnDemand_Roo_DataOnDemand.ajc$interMethodDispatch1$com_max_bookstore_model_StatusDataOnDemand_Roo_DataOnDemand$com_max_bookstore_model_StatusDataOnDemand$setBorrowCard(StatusDataOnDemand_Roo_DataOnDemand.aj)
	at com.max.bookstore.model.StatusDataOnDemand_Roo_DataOnDemand.ajc$interMethod$com_max_bookstore_model_StatusDataOnDemand_Roo_DataOnDemand$com_max_bookstore_model_StatusDataOnDemand$getNewTransientStatus(StatusDataOnDemand_Roo_DataOnDemand.aj:28)
	at com.max.bookstore.model.StatusDataOnDemand.getNewTransientStatus(StatusDataOnDemand.java:1)
	at com.max.bookstore.model.StatusDataOnDemand_Roo_DataOnDemand.ajc$interMethodDispatch1$com_max_bookstore_model_StatusDataOnDemand_Roo_DataOnDemand$com_max_bookstore_model_StatusDataOnDemand$getNewTransientStatus(StatusDataOnDemand_Roo_DataOnDemand.aj)
	at com.max.bookstore.model.StatusDataOnDemand_Roo_DataOnDemand.ajc$interMethod$com_max_bookstore_model_StatusDataOnDemand_Roo_DataOnDemand$com_max_bookstore_model_StatusDataOnDemand$init(StatusDataOnDemand_Roo_DataOnDemand.aj:70)
	at com.max.bookstore.model.StatusDataOnDemand.init(StatusDataOnDemand.java:1)
	at com.max.bookstore.model.StatusDataOnDemand_Roo_DataOnDemand.ajc$interMethodDispatch1$com_max_bookstore_model_StatusDataOnDemand_Roo_DataOnDemand$com_max_bookstore_model_StatusDataOnDemand$init(StatusDataOnDemand_Roo_DataOnDemand.aj)
	at com.max.bookstore.model.StatusDataOnDemand_Roo_DataOnDemand.ajc$interMethod$com_max_bookstore_model_StatusDataOnDemand_Roo_DataOnDemand$com_max_bookstore_model_StatusDataOnDemand$getRandomStatus(StatusDataOnDemand_Roo_DataOnDemand.aj:52)
	at com.max.bookstore.model.StatusDataOnDemand.getRandomStatus(StatusDataOnDemand.java:1)
	at com.max.bookstore.model.StatusDataOnDemand_Roo_DataOnDemand.ajc$interMethodDispatch1$com_max_bookstore_model_StatusDataOnDemand_Roo_DataOnDemand$com_max_bookstore_model_StatusDataOnDemand$getRandomStatus(StatusDataOnDemand_Roo_DataOnDemand.aj)
	at com.max.bookstore.model.StatusIntegrationTest_Roo_IntegrationTest.ajc$interMethod$com_max_bookstore_model_StatusIntegrationTest_Roo_IntegrationTest$com_max_bookstore_model_StatusIntegrationTest$testMerge(StatusIntegrationTest_Roo_IntegrationTest.aj:79)
	at com.max.bookstore.model.StatusIntegrationTest.testMerge(StatusIntegrationTest.java:1)
	at sun.reflect.NativeMethodAccessorImpl.invoke0(Native Method)
	at sun.reflect.NativeMethodAccessorImpl.invoke(NativeMethodAccessorImpl.java:57)
	at sun.reflect.DelegatingMethodAccessorImpl.invoke(DelegatingMethodAccessorImpl.java:43)
	at java.lang.reflect.Method.invoke(Method.java:601)
	at org.junit.runners.model.FrameworkMethod$1.runReflectiveCall(FrameworkMethod.java:44)
	at org.junit.internal.runners.model.ReflectiveCallable.run(ReflectiveCallable.java:15)
	at org.junit.runners.model.FrameworkMethod.invokeExplosively(FrameworkMethod.java:41)
	at org.junit.internal.runners.statements.InvokeMethod.evaluate(InvokeMethod.java:20)
	at org.springframework.test.context.junit4.statements.RunBeforeTestMethodCallbacks.evaluate(RunBeforeTestMethodCallbacks.java:74)
	at org.springframework.test.context.junit4.statements.RunAfterTestMethodCallbacks.evaluate(RunAfterTestMethodCallbacks.java:82)
	at org.springframework.test.context.junit4.statements.SpringRepeat.evaluate(SpringRepeat.java:72)
	at org.springframework.test.context.junit4.SpringJUnit4ClassRunner.runChild(SpringJUnit4ClassRunner.java:240)
	at org.junit.runners.BlockJUnit4ClassRunner.runChild(BlockJUnit4ClassRunner.java:49)
	at org.junit.runners.ParentRunner$3.run(ParentRunner.java:193)
	at org.junit.runners.ParentRunner$1.schedule(ParentRunner.java:52)
	at org.junit.runners.ParentRunner.runChildren(ParentRunner.java:191)
	at org.junit.runners.ParentRunner.access$000(ParentRunner.java:42)
	at org.junit.runners.ParentRunner$2.evaluate(ParentRunner.java:184)
	at org.springframework.test.context.junit4.statements.RunBeforeTestClassCallbacks.evaluate(RunBeforeTestClassCallbacks.java:61)
	at org.springframework.test.context.junit4.statements.RunAfterTestClassCallbacks.evaluate(RunAfterTestClassCallbacks.java:70)
	at org.junit.runners.ParentRunner.run(ParentRunner.java:236)
	at org.springframework.test.context.junit4.SpringJUnit4ClassRunner.run(SpringJUnit4ClassRunner.java:180)
	at org.apache.maven.surefire.junit4.JUnit4TestSet.execute(JUnit4TestSet.java:53)
	at org.apache.maven.surefire.junit4.JUnit4Provider.executeTestSet(JUnit4Provider.java:119)
	at org.apache.maven.surefire.junit4.JUnit4Provider.invoke(JUnit4Provider.java:101)
	at sun.reflect.NativeMethodAccessorImpl.invoke0(Native Method)
	at sun.reflect.NativeMethodAccessorImpl.invoke(NativeMethodAccessorImpl.java:57)
	at sun.reflect.DelegatingMethodAccessorImpl.invoke(DelegatingMethodAccessorImpl.java:43)
	at java.lang.reflect.Method.invoke(Method.java:601)
	at org.apache.maven.surefire.booter.ProviderFactory$ClassLoaderProxy.invoke(ProviderFactory.java:103)
	at $Proxy0.invoke(Unknown Source)
	at org.apache.maven.surefire.booter.SurefireStarter.invokeProvider(SurefireStarter.java:150)
	at org.apache.maven.surefire.booter.SurefireStarter.runSuitesInProcess(SurefireStarter.java:91)
	at org.apache.maven.surefire.booter.ForkedBooter.main(ForkedBooter.java:69)

testFlush(com.max.bookstore.model.StatusIntegrationTest)  Time elapsed: 0 sec  <<< ERROR!
java.lang.VerifyError: (class: com/max/bookstore/model/Status_Roo_JavaBean, method: <clinit> signature: ()V) Stack size too large
	at com.max.bookstore.model.StatusDataOnDemand_Roo_DataOnDemand.ajc$interMethod$com_max_bookstore_model_StatusDataOnDemand_Roo_DataOnDemand$com_max_bookstore_model_StatusDataOnDemand$setBorrowCard(StatusDataOnDemand_Roo_DataOnDemand.aj:35)
	at com.max.bookstore.model.StatusDataOnDemand.setBorrowCard(StatusDataOnDemand.java:1)
	at com.max.bookstore.model.StatusDataOnDemand_Roo_DataOnDemand.ajc$interMethodDispatch1$com_max_bookstore_model_StatusDataOnDemand_Roo_DataOnDemand$com_max_bookstore_model_StatusDataOnDemand$setBorrowCard(StatusDataOnDemand_Roo_DataOnDemand.aj)
	at com.max.bookstore.model.StatusDataOnDemand_Roo_DataOnDemand.ajc$interMethod$com_max_bookstore_model_StatusDataOnDemand_Roo_DataOnDemand$com_max_bookstore_model_StatusDataOnDemand$getNewTransientStatus(StatusDataOnDemand_Roo_DataOnDemand.aj:28)
	at com.max.bookstore.model.StatusDataOnDemand.getNewTransientStatus(StatusDataOnDemand.java:1)
	at com.max.bookstore.model.StatusDataOnDemand_Roo_DataOnDemand.ajc$interMethodDispatch1$com_max_bookstore_model_StatusDataOnDemand_Roo_DataOnDemand$com_max_bookstore_model_StatusDataOnDemand$getNewTransientStatus(StatusDataOnDemand_Roo_DataOnDemand.aj)
	at com.max.bookstore.model.StatusDataOnDemand_Roo_DataOnDemand.ajc$interMethod$com_max_bookstore_model_StatusDataOnDemand_Roo_DataOnDemand$com_max_bookstore_model_StatusDataOnDemand$init(StatusDataOnDemand_Roo_DataOnDemand.aj:70)
	at com.max.bookstore.model.StatusDataOnDemand.init(StatusDataOnDemand.java:1)
	at com.max.bookstore.model.StatusDataOnDemand_Roo_DataOnDemand.ajc$interMethodDispatch1$com_max_bookstore_model_StatusDataOnDemand_Roo_DataOnDemand$com_max_bookstore_model_StatusDataOnDemand$init(StatusDataOnDemand_Roo_DataOnDemand.aj)
	at com.max.bookstore.model.StatusDataOnDemand_Roo_DataOnDemand.ajc$interMethod$com_max_bookstore_model_StatusDataOnDemand_Roo_DataOnDemand$com_max_bookstore_model_StatusDataOnDemand$getRandomStatus(StatusDataOnDemand_Roo_DataOnDemand.aj:52)
	at com.max.bookstore.model.StatusDataOnDemand.getRandomStatus(StatusDataOnDemand.java:1)
	at com.max.bookstore.model.StatusDataOnDemand_Roo_DataOnDemand.ajc$interMethodDispatch1$com_max_bookstore_model_StatusDataOnDemand_Roo_DataOnDemand$com_max_bookstore_model_StatusDataOnDemand$getRandomStatus(StatusDataOnDemand_Roo_DataOnDemand.aj)
	at com.max.bookstore.model.StatusIntegrationTest_Roo_IntegrationTest.ajc$interMethod$com_max_bookstore_model_StatusIntegrationTest_Roo_IntegrationTest$com_max_bookstore_model_StatusIntegrationTest$testFlush(StatusIntegrationTest_Roo_IntegrationTest.aj:65)
	at com.max.bookstore.model.StatusIntegrationTest.testFlush(StatusIntegrationTest.java:1)
	at sun.reflect.NativeMethodAccessorImpl.invoke0(Native Method)
	at sun.reflect.NativeMethodAccessorImpl.invoke(NativeMethodAccessorImpl.java:57)
	at sun.reflect.DelegatingMethodAccessorImpl.invoke(DelegatingMethodAccessorImpl.java:43)
	at java.lang.reflect.Method.invoke(Method.java:601)
	at org.junit.runners.model.FrameworkMethod$1.runReflectiveCall(FrameworkMethod.java:44)
	at org.junit.internal.runners.model.ReflectiveCallable.run(ReflectiveCallable.java:15)
	at org.junit.runners.model.FrameworkMethod.invokeExplosively(FrameworkMethod.java:41)
	at org.junit.internal.runners.statements.InvokeMethod.evaluate(InvokeMethod.java:20)
	at org.springframework.test.context.junit4.statements.RunBeforeTestMethodCallbacks.evaluate(RunBeforeTestMethodCallbacks.java:74)
	at org.springframework.test.context.junit4.statements.RunAfterTestMethodCallbacks.evaluate(RunAfterTestMethodCallbacks.java:82)
	at org.springframework.test.context.junit4.statements.SpringRepeat.evaluate(SpringRepeat.java:72)
	at org.springframework.test.context.junit4.SpringJUnit4ClassRunner.runChild(SpringJUnit4ClassRunner.java:240)
	at org.junit.runners.BlockJUnit4ClassRunner.runChild(BlockJUnit4ClassRunner.java:49)
	at org.junit.runners.ParentRunner$3.run(ParentRunner.java:193)
	at org.junit.runners.ParentRunner$1.schedule(ParentRunner.java:52)
	at org.junit.runners.ParentRunner.runChildren(ParentRunner.java:191)
	at org.junit.runners.ParentRunner.access$000(ParentRunner.java:42)
	at org.junit.runners.ParentRunner$2.evaluate(ParentRunner.java:184)
	at org.springframework.test.context.junit4.statements.RunBeforeTestClassCallbacks.evaluate(RunBeforeTestClassCallbacks.java:61)
	at org.springframework.test.context.junit4.statements.RunAfterTestClassCallbacks.evaluate(RunAfterTestClassCallbacks.java:70)
	at org.junit.runners.ParentRunner.run(ParentRunner.java:236)
	at org.springframework.test.context.junit4.SpringJUnit4ClassRunner.run(SpringJUnit4ClassRunner.java:180)
	at org.apache.maven.surefire.junit4.JUnit4TestSet.execute(JUnit4TestSet.java:53)
	at org.apache.maven.surefire.junit4.JUnit4Provider.executeTestSet(JUnit4Provider.java:119)
	at org.apache.maven.surefire.junit4.JUnit4Provider.invoke(JUnit4Provider.java:101)
	at sun.reflect.NativeMethodAccessorImpl.invoke0(Native Method)
	at sun.reflect.NativeMethodAccessorImpl.invoke(NativeMethodAccessorImpl.java:57)
	at sun.reflect.DelegatingMethodAccessorImpl.invoke(DelegatingMethodAccessorImpl.java:43)
	at java.lang.reflect.Method.invoke(Method.java:601)
	at org.apache.maven.surefire.booter.ProviderFactory$ClassLoaderProxy.invoke(ProviderFactory.java:103)
	at $Proxy0.invoke(Unknown Source)
	at org.apache.maven.surefire.booter.SurefireStarter.invokeProvider(SurefireStarter.java:150)
	at org.apache.maven.surefire.booter.SurefireStarter.runSuitesInProcess(SurefireStarter.java:91)
	at org.apache.maven.surefire.booter.ForkedBooter.main(ForkedBooter.java:69)

testCountStatuses(com.max.bookstore.model.StatusIntegrationTest)  Time elapsed: 0 sec  <<< ERROR!
java.lang.VerifyError: (class: com/max/bookstore/model/Status_Roo_JavaBean, method: <clinit> signature: ()V) Stack size too large
	at com.max.bookstore.model.StatusDataOnDemand_Roo_DataOnDemand.ajc$interMethod$com_max_bookstore_model_StatusDataOnDemand_Roo_DataOnDemand$com_max_bookstore_model_StatusDataOnDemand$setBorrowCard(StatusDataOnDemand_Roo_DataOnDemand.aj:35)
	at com.max.bookstore.model.StatusDataOnDemand.setBorrowCard(StatusDataOnDemand.java:1)
	at com.max.bookstore.model.StatusDataOnDemand_Roo_DataOnDemand.ajc$interMethodDispatch1$com_max_bookstore_model_StatusDataOnDemand_Roo_DataOnDemand$com_max_bookstore_model_StatusDataOnDemand$setBorrowCard(StatusDataOnDemand_Roo_DataOnDemand.aj)
	at com.max.bookstore.model.StatusDataOnDemand_Roo_DataOnDemand.ajc$interMethod$com_max_bookstore_model_StatusDataOnDemand_Roo_DataOnDemand$com_max_bookstore_model_StatusDataOnDemand$getNewTransientStatus(StatusDataOnDemand_Roo_DataOnDemand.aj:28)
	at com.max.bookstore.model.StatusDataOnDemand.getNewTransientStatus(StatusDataOnDemand.java:1)
	at com.max.bookstore.model.StatusDataOnDemand_Roo_DataOnDemand.ajc$interMethodDispatch1$com_max_bookstore_model_StatusDataOnDemand_Roo_DataOnDemand$com_max_bookstore_model_StatusDataOnDemand$getNewTransientStatus(StatusDataOnDemand_Roo_DataOnDemand.aj)
	at com.max.bookstore.model.StatusDataOnDemand_Roo_DataOnDemand.ajc$interMethod$com_max_bookstore_model_StatusDataOnDemand_Roo_DataOnDemand$com_max_bookstore_model_StatusDataOnDemand$init(StatusDataOnDemand_Roo_DataOnDemand.aj:70)
	at com.max.bookstore.model.StatusDataOnDemand.init(StatusDataOnDemand.java:1)
	at com.max.bookstore.model.StatusDataOnDemand_Roo_DataOnDemand.ajc$interMethodDispatch1$com_max_bookstore_model_StatusDataOnDemand_Roo_DataOnDemand$com_max_bookstore_model_StatusDataOnDemand$init(StatusDataOnDemand_Roo_DataOnDemand.aj)
	at com.max.bookstore.model.StatusDataOnDemand_Roo_DataOnDemand.ajc$interMethod$com_max_bookstore_model_StatusDataOnDemand_Roo_DataOnDemand$com_max_bookstore_model_StatusDataOnDemand$getRandomStatus(StatusDataOnDemand_Roo_DataOnDemand.aj:52)
	at com.max.bookstore.model.StatusDataOnDemand.getRandomStatus(StatusDataOnDemand.java:1)
	at com.max.bookstore.model.StatusDataOnDemand_Roo_DataOnDemand.ajc$interMethodDispatch1$com_max_bookstore_model_StatusDataOnDemand_Roo_DataOnDemand$com_max_bookstore_model_StatusDataOnDemand$getRandomStatus(StatusDataOnDemand_Roo_DataOnDemand.aj)
	at com.max.bookstore.model.StatusIntegrationTest_Roo_IntegrationTest.ajc$interMethod$com_max_bookstore_model_StatusIntegrationTest_Roo_IntegrationTest$com_max_bookstore_model_StatusIntegrationTest$testCountStatuses(StatusIntegrationTest_Roo_IntegrationTest.aj:27)
	at com.max.bookstore.model.StatusIntegrationTest.testCountStatuses(StatusIntegrationTest.java:1)
	at sun.reflect.NativeMethodAccessorImpl.invoke0(Native Method)
	at sun.reflect.NativeMethodAccessorImpl.invoke(NativeMethodAccessorImpl.java:57)
	at sun.reflect.DelegatingMethodAccessorImpl.invoke(DelegatingMethodAccessorImpl.java:43)
	at java.lang.reflect.Method.invoke(Method.java:601)
	at org.junit.runners.model.FrameworkMethod$1.runReflectiveCall(FrameworkMethod.java:44)
	at org.junit.internal.runners.model.ReflectiveCallable.run(ReflectiveCallable.java:15)
	at org.junit.runners.model.FrameworkMethod.invokeExplosively(FrameworkMethod.java:41)
	at org.junit.internal.runners.statements.InvokeMethod.evaluate(InvokeMethod.java:20)
	at org.springframework.test.context.junit4.statements.RunBeforeTestMethodCallbacks.evaluate(RunBeforeTestMethodCallbacks.java:74)
	at org.springframework.test.context.junit4.statements.RunAfterTestMethodCallbacks.evaluate(RunAfterTestMethodCallbacks.java:82)
	at org.springframework.test.context.junit4.statements.SpringRepeat.evaluate(SpringRepeat.java:72)
	at org.springframework.test.context.junit4.SpringJUnit4ClassRunner.runChild(SpringJUnit4ClassRunner.java:240)
	at org.junit.runners.BlockJUnit4ClassRunner.runChild(BlockJUnit4ClassRunner.java:49)
	at org.junit.runners.ParentRunner$3.run(ParentRunner.java:193)
	at org.junit.runners.ParentRunner$1.schedule(ParentRunner.java:52)
	at org.junit.runners.ParentRunner.runChildren(ParentRunner.java:191)
	at org.junit.runners.ParentRunner.access$000(ParentRunner.java:42)
	at org.junit.runners.ParentRunner$2.evaluate(ParentRunner.java:184)
	at org.springframework.test.context.junit4.statements.RunBeforeTestClassCallbacks.evaluate(RunBeforeTestClassCallbacks.java:61)
	at org.springframework.test.context.junit4.statements.RunAfterTestClassCallbacks.evaluate(RunAfterTestClassCallbacks.java:70)
	at org.junit.runners.ParentRunner.run(ParentRunner.java:236)
	at org.springframework.test.context.junit4.SpringJUnit4ClassRunner.run(SpringJUnit4ClassRunner.java:180)
	at org.apache.maven.surefire.junit4.JUnit4TestSet.execute(JUnit4TestSet.java:53)
	at org.apache.maven.surefire.junit4.JUnit4Provider.executeTestSet(JUnit4Provider.java:119)
	at org.apache.maven.surefire.junit4.JUnit4Provider.invoke(JUnit4Provider.java:101)
	at sun.reflect.NativeMethodAccessorImpl.invoke0(Native Method)
	at sun.reflect.NativeMethodAccessorImpl.invoke(NativeMethodAccessorImpl.java:57)
	at sun.reflect.DelegatingMethodAccessorImpl.invoke(DelegatingMethodAccessorImpl.java:43)
	at java.lang.reflect.Method.invoke(Method.java:601)
	at org.apache.maven.surefire.booter.ProviderFactory$ClassLoaderProxy.invoke(ProviderFactory.java:103)
	at $Proxy0.invoke(Unknown Source)
	at org.apache.maven.surefire.booter.SurefireStarter.invokeProvider(SurefireStarter.java:150)
	at org.apache.maven.surefire.booter.SurefireStarter.runSuitesInProcess(SurefireStarter.java:91)
	at org.apache.maven.surefire.booter.ForkedBooter.main(ForkedBooter.java:69)

testFindStatus(com.max.bookstore.model.StatusIntegrationTest)  Time elapsed: 0.016 sec  <<< ERROR!
java.lang.VerifyError: (class: com/max/bookstore/model/Status_Roo_JavaBean, method: <clinit> signature: ()V) Stack size too large
	at com.max.bookstore.model.StatusDataOnDemand_Roo_DataOnDemand.ajc$interMethod$com_max_bookstore_model_StatusDataOnDemand_Roo_DataOnDemand$com_max_bookstore_model_StatusDataOnDemand$setBorrowCard(StatusDataOnDemand_Roo_DataOnDemand.aj:35)
	at com.max.bookstore.model.StatusDataOnDemand.setBorrowCard(StatusDataOnDemand.java:1)
	at com.max.bookstore.model.StatusDataOnDemand_Roo_DataOnDemand.ajc$interMethodDispatch1$com_max_bookstore_model_StatusDataOnDemand_Roo_DataOnDemand$com_max_bookstore_model_StatusDataOnDemand$setBorrowCard(StatusDataOnDemand_Roo_DataOnDemand.aj)
	at com.max.bookstore.model.StatusDataOnDemand_Roo_DataOnDemand.ajc$interMethod$com_max_bookstore_model_StatusDataOnDemand_Roo_DataOnDemand$com_max_bookstore_model_StatusDataOnDemand$getNewTransientStatus(StatusDataOnDemand_Roo_DataOnDemand.aj:28)
	at com.max.bookstore.model.StatusDataOnDemand.getNewTransientStatus(StatusDataOnDemand.java:1)
	at com.max.bookstore.model.StatusDataOnDemand_Roo_DataOnDemand.ajc$interMethodDispatch1$com_max_bookstore_model_StatusDataOnDemand_Roo_DataOnDemand$com_max_bookstore_model_StatusDataOnDemand$getNewTransientStatus(StatusDataOnDemand_Roo_DataOnDemand.aj)
	at com.max.bookstore.model.StatusDataOnDemand_Roo_DataOnDemand.ajc$interMethod$com_max_bookstore_model_StatusDataOnDemand_Roo_DataOnDemand$com_max_bookstore_model_StatusDataOnDemand$init(StatusDataOnDemand_Roo_DataOnDemand.aj:70)
	at com.max.bookstore.model.StatusDataOnDemand.init(StatusDataOnDemand.java:1)
	at com.max.bookstore.model.StatusDataOnDemand_Roo_DataOnDemand.ajc$interMethodDispatch1$com_max_bookstore_model_StatusDataOnDemand_Roo_DataOnDemand$com_max_bookstore_model_StatusDataOnDemand$init(StatusDataOnDemand_Roo_DataOnDemand.aj)
	at com.max.bookstore.model.StatusDataOnDemand_Roo_DataOnDemand.ajc$interMethod$com_max_bookstore_model_StatusDataOnDemand_Roo_DataOnDemand$com_max_bookstore_model_StatusDataOnDemand$getRandomStatus(StatusDataOnDemand_Roo_DataOnDemand.aj:52)
	at com.max.bookstore.model.StatusDataOnDemand.getRandomStatus(StatusDataOnDemand.java:1)
	at com.max.bookstore.model.StatusDataOnDemand_Roo_DataOnDemand.ajc$interMethodDispatch1$com_max_bookstore_model_StatusDataOnDemand_Roo_DataOnDemand$com_max_bookstore_model_StatusDataOnDemand$getRandomStatus(StatusDataOnDemand_Roo_DataOnDemand.aj)
	at com.max.bookstore.model.StatusIntegrationTest_Roo_IntegrationTest.ajc$interMethod$com_max_bookstore_model_StatusIntegrationTest_Roo_IntegrationTest$com_max_bookstore_model_StatusIntegrationTest$testFindStatus(StatusIntegrationTest_Roo_IntegrationTest.aj:34)
	at com.max.bookstore.model.StatusIntegrationTest.testFindStatus(StatusIntegrationTest.java:1)
	at sun.reflect.NativeMethodAccessorImpl.invoke0(Native Method)
	at sun.reflect.NativeMethodAccessorImpl.invoke(NativeMethodAccessorImpl.java:57)
	at sun.reflect.DelegatingMethodAccessorImpl.invoke(DelegatingMethodAccessorImpl.java:43)
	at java.lang.reflect.Method.invoke(Method.java:601)
	at org.junit.runners.model.FrameworkMethod$1.runReflectiveCall(FrameworkMethod.java:44)
	at org.junit.internal.runners.model.ReflectiveCallable.run(ReflectiveCallable.java:15)
	at org.junit.runners.model.FrameworkMethod.invokeExplosively(FrameworkMethod.java:41)
	at org.junit.internal.runners.statements.InvokeMethod.evaluate(InvokeMethod.java:20)
	at org.springframework.test.context.junit4.statements.RunBeforeTestMethodCallbacks.evaluate(RunBeforeTestMethodCallbacks.java:74)
	at org.springframework.test.context.junit4.statements.RunAfterTestMethodCallbacks.evaluate(RunAfterTestMethodCallbacks.java:82)
	at org.springframework.test.context.junit4.statements.SpringRepeat.evaluate(SpringRepeat.java:72)
	at org.springframework.test.context.junit4.SpringJUnit4ClassRunner.runChild(SpringJUnit4ClassRunner.java:240)
	at org.junit.runners.BlockJUnit4ClassRunner.runChild(BlockJUnit4ClassRunner.java:49)
	at org.junit.runners.ParentRunner$3.run(ParentRunner.java:193)
	at org.junit.runners.ParentRunner$1.schedule(ParentRunner.java:52)
	at org.junit.runners.ParentRunner.runChildren(ParentRunner.java:191)
	at org.junit.runners.ParentRunner.access$000(ParentRunner.java:42)
	at org.junit.runners.ParentRunner$2.evaluate(ParentRunner.java:184)
	at org.springframework.test.context.junit4.statements.RunBeforeTestClassCallbacks.evaluate(RunBeforeTestClassCallbacks.java:61)
	at org.springframework.test.context.junit4.statements.RunAfterTestClassCallbacks.evaluate(RunAfterTestClassCallbacks.java:70)
	at org.junit.runners.ParentRunner.run(ParentRunner.java:236)
	at org.springframework.test.context.junit4.SpringJUnit4ClassRunner.run(SpringJUnit4ClassRunner.java:180)
	at org.apache.maven.surefire.junit4.JUnit4TestSet.execute(JUnit4TestSet.java:53)
	at org.apache.maven.surefire.junit4.JUnit4Provider.executeTestSet(JUnit4Provider.java:119)
	at org.apache.maven.surefire.junit4.JUnit4Provider.invoke(JUnit4Provider.java:101)
	at sun.reflect.NativeMethodAccessorImpl.invoke0(Native Method)
	at sun.reflect.NativeMethodAccessorImpl.invoke(NativeMethodAccessorImpl.java:57)
	at sun.reflect.DelegatingMethodAccessorImpl.invoke(DelegatingMethodAccessorImpl.java:43)
	at java.lang.reflect.Method.invoke(Method.java:601)
	at org.apache.maven.surefire.booter.ProviderFactory$ClassLoaderProxy.invoke(ProviderFactory.java:103)
	at $Proxy0.invoke(Unknown Source)
	at org.apache.maven.surefire.booter.SurefireStarter.invokeProvider(SurefireStarter.java:150)
	at org.apache.maven.surefire.booter.SurefireStarter.runSuitesInProcess(SurefireStarter.java:91)
	at org.apache.maven.surefire.booter.ForkedBooter.main(ForkedBooter.java:69)

testFindAllStatuses(com.max.bookstore.model.StatusIntegrationTest)  Time elapsed: 0 sec  <<< ERROR!
java.lang.VerifyError: (class: com/max/bookstore/model/Status_Roo_JavaBean, method: <clinit> signature: ()V) Stack size too large
	at com.max.bookstore.model.StatusDataOnDemand_Roo_DataOnDemand.ajc$interMethod$com_max_bookstore_model_StatusDataOnDemand_Roo_DataOnDemand$com_max_bookstore_model_StatusDataOnDemand$setBorrowCard(StatusDataOnDemand_Roo_DataOnDemand.aj:35)
	at com.max.bookstore.model.StatusDataOnDemand.setBorrowCard(StatusDataOnDemand.java:1)
	at com.max.bookstore.model.StatusDataOnDemand_Roo_DataOnDemand.ajc$interMethodDispatch1$com_max_bookstore_model_StatusDataOnDemand_Roo_DataOnDemand$com_max_bookstore_model_StatusDataOnDemand$setBorrowCard(StatusDataOnDemand_Roo_DataOnDemand.aj)
	at com.max.bookstore.model.StatusDataOnDemand_Roo_DataOnDemand.ajc$interMethod$com_max_bookstore_model_StatusDataOnDemand_Roo_DataOnDemand$com_max_bookstore_model_StatusDataOnDemand$getNewTransientStatus(StatusDataOnDemand_Roo_DataOnDemand.aj:28)
	at com.max.bookstore.model.StatusDataOnDemand.getNewTransientStatus(StatusDataOnDemand.java:1)
	at com.max.bookstore.model.StatusDataOnDemand_Roo_DataOnDemand.ajc$interMethodDispatch1$com_max_bookstore_model_StatusDataOnDemand_Roo_DataOnDemand$com_max_bookstore_model_StatusDataOnDemand$getNewTransientStatus(StatusDataOnDemand_Roo_DataOnDemand.aj)
	at com.max.bookstore.model.StatusDataOnDemand_Roo_DataOnDemand.ajc$interMethod$com_max_bookstore_model_StatusDataOnDemand_Roo_DataOnDemand$com_max_bookstore_model_StatusDataOnDemand$init(StatusDataOnDemand_Roo_DataOnDemand.aj:70)
	at com.max.bookstore.model.StatusDataOnDemand.init(StatusDataOnDemand.java:1)
	at com.max.bookstore.model.StatusDataOnDemand_Roo_DataOnDemand.ajc$interMethodDispatch1$com_max_bookstore_model_StatusDataOnDemand_Roo_DataOnDemand$com_max_bookstore_model_StatusDataOnDemand$init(StatusDataOnDemand_Roo_DataOnDemand.aj)
	at com.max.bookstore.model.StatusDataOnDemand_Roo_DataOnDemand.ajc$interMethod$com_max_bookstore_model_StatusDataOnDemand_Roo_DataOnDemand$com_max_bookstore_model_StatusDataOnDemand$getRandomStatus(StatusDataOnDemand_Roo_DataOnDemand.aj:52)
	at com.max.bookstore.model.StatusDataOnDemand.getRandomStatus(StatusDataOnDemand.java:1)
	at com.max.bookstore.model.StatusDataOnDemand_Roo_DataOnDemand.ajc$interMethodDispatch1$com_max_bookstore_model_StatusDataOnDemand_Roo_DataOnDemand$com_max_bookstore_model_StatusDataOnDemand$getRandomStatus(StatusDataOnDemand_Roo_DataOnDemand.aj)
	at com.max.bookstore.model.StatusIntegrationTest_Roo_IntegrationTest.ajc$interMethod$com_max_bookstore_model_StatusIntegrationTest_Roo_IntegrationTest$com_max_bookstore_model_StatusIntegrationTest$testFindAllStatuses(StatusIntegrationTest_Roo_IntegrationTest.aj:45)
	at com.max.bookstore.model.StatusIntegrationTest.testFindAllStatuses(StatusIntegrationTest.java:1)
	at sun.reflect.NativeMethodAccessorImpl.invoke0(Native Method)
	at sun.reflect.NativeMethodAccessorImpl.invoke(NativeMethodAccessorImpl.java:57)
	at sun.reflect.DelegatingMethodAccessorImpl.invoke(DelegatingMethodAccessorImpl.java:43)
	at java.lang.reflect.Method.invoke(Method.java:601)
	at org.junit.runners.model.FrameworkMethod$1.runReflectiveCall(FrameworkMethod.java:44)
	at org.junit.internal.runners.model.ReflectiveCallable.run(ReflectiveCallable.java:15)
	at org.junit.runners.model.FrameworkMethod.invokeExplosively(FrameworkMethod.java:41)
	at org.junit.internal.runners.statements.InvokeMethod.evaluate(InvokeMethod.java:20)
	at org.springframework.test.context.junit4.statements.RunBeforeTestMethodCallbacks.evaluate(RunBeforeTestMethodCallbacks.java:74)
	at org.springframework.test.context.junit4.statements.RunAfterTestMethodCallbacks.evaluate(RunAfterTestMethodCallbacks.java:82)
	at org.springframework.test.context.junit4.statements.SpringRepeat.evaluate(SpringRepeat.java:72)
	at org.springframework.test.context.junit4.SpringJUnit4ClassRunner.runChild(SpringJUnit4ClassRunner.java:240)
	at org.junit.runners.BlockJUnit4ClassRunner.runChild(BlockJUnit4ClassRunner.java:49)
	at org.junit.runners.ParentRunner$3.run(ParentRunner.java:193)
	at org.junit.runners.ParentRunner$1.schedule(ParentRunner.java:52)
	at org.junit.runners.ParentRunner.runChildren(ParentRunner.java:191)
	at org.junit.runners.ParentRunner.access$000(ParentRunner.java:42)
	at org.junit.runners.ParentRunner$2.evaluate(ParentRunner.java:184)
	at org.springframework.test.context.junit4.statements.RunBeforeTestClassCallbacks.evaluate(RunBeforeTestClassCallbacks.java:61)
	at org.springframework.test.context.junit4.statements.RunAfterTestClassCallbacks.evaluate(RunAfterTestClassCallbacks.java:70)
	at org.junit.runners.ParentRunner.run(ParentRunner.java:236)
	at org.springframework.test.context.junit4.SpringJUnit4ClassRunner.run(SpringJUnit4ClassRunner.java:180)
	at org.apache.maven.surefire.junit4.JUnit4TestSet.execute(JUnit4TestSet.java:53)
	at org.apache.maven.surefire.junit4.JUnit4Provider.executeTestSet(JUnit4Provider.java:119)
	at org.apache.maven.surefire.junit4.JUnit4Provider.invoke(JUnit4Provider.java:101)
	at sun.reflect.NativeMethodAccessorImpl.invoke0(Native Method)
	at sun.reflect.NativeMethodAccessorImpl.invoke(NativeMethodAccessorImpl.java:57)
	at sun.reflect.DelegatingMethodAccessorImpl.invoke(DelegatingMethodAccessorImpl.java:43)
	at java.lang.reflect.Method.invoke(Method.java:601)
	at org.apache.maven.surefire.booter.ProviderFactory$ClassLoaderProxy.invoke(ProviderFactory.java:103)
	at $Proxy0.invoke(Unknown Source)
	at org.apache.maven.surefire.booter.SurefireStarter.invokeProvider(SurefireStarter.java:150)
	at org.apache.maven.surefire.booter.SurefireStarter.runSuitesInProcess(SurefireStarter.java:91)
	at org.apache.maven.surefire.booter.ForkedBooter.main(ForkedBooter.java:69)

testFindStatusEntries(com.max.bookstore.model.StatusIntegrationTest)  Time elapsed: 0.016 sec  <<< ERROR!
java.lang.VerifyError: (class: com/max/bookstore/model/Status_Roo_JavaBean, method: <clinit> signature: ()V) Stack size too large
	at com.max.bookstore.model.StatusDataOnDemand_Roo_DataOnDemand.ajc$interMethod$com_max_bookstore_model_StatusDataOnDemand_Roo_DataOnDemand$com_max_bookstore_model_StatusDataOnDemand$setBorrowCard(StatusDataOnDemand_Roo_DataOnDemand.aj:35)
	at com.max.bookstore.model.StatusDataOnDemand.setBorrowCard(StatusDataOnDemand.java:1)
	at com.max.bookstore.model.StatusDataOnDemand_Roo_DataOnDemand.ajc$interMethodDispatch1$com_max_bookstore_model_StatusDataOnDemand_Roo_DataOnDemand$com_max_bookstore_model_StatusDataOnDemand$setBorrowCard(StatusDataOnDemand_Roo_DataOnDemand.aj)
	at com.max.bookstore.model.StatusDataOnDemand_Roo_DataOnDemand.ajc$interMethod$com_max_bookstore_model_StatusDataOnDemand_Roo_DataOnDemand$com_max_bookstore_model_StatusDataOnDemand$getNewTransientStatus(StatusDataOnDemand_Roo_DataOnDemand.aj:28)
	at com.max.bookstore.model.StatusDataOnDemand.getNewTransientStatus(StatusDataOnDemand.java:1)
	at com.max.bookstore.model.StatusDataOnDemand_Roo_DataOnDemand.ajc$interMethodDispatch1$com_max_bookstore_model_StatusDataOnDemand_Roo_DataOnDemand$com_max_bookstore_model_StatusDataOnDemand$getNewTransientStatus(StatusDataOnDemand_Roo_DataOnDemand.aj)
	at com.max.bookstore.model.StatusDataOnDemand_Roo_DataOnDemand.ajc$interMethod$com_max_bookstore_model_StatusDataOnDemand_Roo_DataOnDemand$com_max_bookstore_model_StatusDataOnDemand$init(StatusDataOnDemand_Roo_DataOnDemand.aj:70)
	at com.max.bookstore.model.StatusDataOnDemand.init(StatusDataOnDemand.java:1)
	at com.max.bookstore.model.StatusDataOnDemand_Roo_DataOnDemand.ajc$interMethodDispatch1$com_max_bookstore_model_StatusDataOnDemand_Roo_DataOnDemand$com_max_bookstore_model_StatusDataOnDemand$init(StatusDataOnDemand_Roo_DataOnDemand.aj)
	at com.max.bookstore.model.StatusDataOnDemand_Roo_DataOnDemand.ajc$interMethod$com_max_bookstore_model_StatusDataOnDemand_Roo_DataOnDemand$com_max_bookstore_model_StatusDataOnDemand$getRandomStatus(StatusDataOnDemand_Roo_DataOnDemand.aj:52)
	at com.max.bookstore.model.StatusDataOnDemand.getRandomStatus(StatusDataOnDemand.java:1)
	at com.max.bookstore.model.StatusDataOnDemand_Roo_DataOnDemand.ajc$interMethodDispatch1$com_max_bookstore_model_StatusDataOnDemand_Roo_DataOnDemand$com_max_bookstore_model_StatusDataOnDemand$getRandomStatus(StatusDataOnDemand_Roo_DataOnDemand.aj)
	at com.max.bookstore.model.StatusIntegrationTest_Roo_IntegrationTest.ajc$interMethod$com_max_bookstore_model_StatusIntegrationTest_Roo_IntegrationTest$com_max_bookstore_model_StatusIntegrationTest$testFindStatusEntries(StatusIntegrationTest_Roo_IntegrationTest.aj:55)
	at com.max.bookstore.model.StatusIntegrationTest.testFindStatusEntries(StatusIntegrationTest.java:1)
	at sun.reflect.NativeMethodAccessorImpl.invoke0(Native Method)
	at sun.reflect.NativeMethodAccessorImpl.invoke(NativeMethodAccessorImpl.java:57)
	at sun.reflect.DelegatingMethodAccessorImpl.invoke(DelegatingMethodAccessorImpl.java:43)
	at java.lang.reflect.Method.invoke(Method.java:601)
	at org.junit.runners.model.FrameworkMethod$1.runReflectiveCall(FrameworkMethod.java:44)
	at org.junit.internal.runners.model.ReflectiveCallable.run(ReflectiveCallable.java:15)
	at org.junit.runners.model.FrameworkMethod.invokeExplosively(FrameworkMethod.java:41)
	at org.junit.internal.runners.statements.InvokeMethod.evaluate(InvokeMethod.java:20)
	at org.springframework.test.context.junit4.statements.RunBeforeTestMethodCallbacks.evaluate(RunBeforeTestMethodCallbacks.java:74)
	at org.springframework.test.context.junit4.statements.RunAfterTestMethodCallbacks.evaluate(RunAfterTestMethodCallbacks.java:82)
	at org.springframework.test.context.junit4.statements.SpringRepeat.evaluate(SpringRepeat.java:72)
	at org.springframework.test.context.junit4.SpringJUnit4ClassRunner.runChild(SpringJUnit4ClassRunner.java:240)
	at org.junit.runners.BlockJUnit4ClassRunner.runChild(BlockJUnit4ClassRunner.java:49)
	at org.junit.runners.ParentRunner$3.run(ParentRunner.java:193)
	at org.junit.runners.ParentRunner$1.schedule(ParentRunner.java:52)
	at org.junit.runners.ParentRunner.runChildren(ParentRunner.java:191)
	at org.junit.runners.ParentRunner.access$000(ParentRunner.java:42)
	at org.junit.runners.ParentRunner$2.evaluate(ParentRunner.java:184)
	at org.springframework.test.context.junit4.statements.RunBeforeTestClassCallbacks.evaluate(RunBeforeTestClassCallbacks.java:61)
	at org.springframework.test.context.junit4.statements.RunAfterTestClassCallbacks.evaluate(RunAfterTestClassCallbacks.java:70)
	at org.junit.runners.ParentRunner.run(ParentRunner.java:236)
	at org.springframework.test.context.junit4.SpringJUnit4ClassRunner.run(SpringJUnit4ClassRunner.java:180)
	at org.apache.maven.surefire.junit4.JUnit4TestSet.execute(JUnit4TestSet.java:53)
	at org.apache.maven.surefire.junit4.JUnit4Provider.executeTestSet(JUnit4Provider.java:119)
	at org.apache.maven.surefire.junit4.JUnit4Provider.invoke(JUnit4Provider.java:101)
	at sun.reflect.NativeMethodAccessorImpl.invoke0(Native Method)
	at sun.reflect.NativeMethodAccessorImpl.invoke(NativeMethodAccessorImpl.java:57)
	at sun.reflect.DelegatingMethodAccessorImpl.invoke(DelegatingMethodAccessorImpl.java:43)
	at java.lang.reflect.Method.invoke(Method.java:601)
	at org.apache.maven.surefire.booter.ProviderFactory$ClassLoaderProxy.invoke(ProviderFactory.java:103)
	at $Proxy0.invoke(Unknown Source)
	at org.apache.maven.surefire.booter.SurefireStarter.invokeProvider(SurefireStarter.java:150)
	at org.apache.maven.surefire.booter.SurefireStarter.runSuitesInProcess(SurefireStarter.java:91)
	at org.apache.maven.surefire.booter.ForkedBooter.main(ForkedBooter.java:69)

