<?xml version="1.0" encoding="UTF-8" ?>
<testsuite failures="0" time="5.375" errors="0" skipped="0" tests="9" name="com.max.bookstore.model.BookClassIntegrationTest">
  <properties>
[...]
</properties>
  <testcase time="4.75" classname="com.max.bookstore.model.BookClassIntegrationTest" name="testRemove"/>
  <testcase time="0.031" classname="com.max.bookstore.model.BookClassIntegrationTest" name="testPersist"/>
  <testcase time="0.047" classname="com.max.bookstore.model.BookClassIntegrationTest" name="testMerge"/>
  <testcase time="0.047" classname="com.max.bookstore.model.BookClassIntegrationTest" name="testFindAllBookClasses"/>
  <testcase time="0.016" classname="com.max.bookstore.model.BookClassIntegrationTest" name="testMarkerMethod"/>
  <testcase time="0.031" classname="com.max.bookstore.model.BookClassIntegrationTest" name="testCountBookClasses"/>
  <testcase time="0.047" classname="com.max.bookstore.model.BookClassIntegrationTest" name="testFindBookClassEntries"/>
  <testcase time="0.031" classname="com.max.bookstore.model.BookClassIntegrationTest" name="testFlush"/>
  <testcase time="0.016" classname="com.max.bookstore.model.BookClassIntegrationTest" name="testFindBookClass"/>
</testsuite>